<?xml version="1.0" encoding="utf-8"?><testsuites name="pytest tests"><testsuite name="pytest" errors="0" failures="0" skipped="0" tests="19" time="6.267" timestamp="2026-04-03T08:10:40.011805+00:00" hostname="agent-env-457768ac-35c2-4834-9627-f129e5ccda3e"><testcase classname="backend.tests.test_edge_voices.TestEdgeVoicesAPI" name="test_edge_voices_returns_200" time="0.551" /><testcase classname="backend.tests.test_edge_voices.TestEdgeVoicesAPI" name="test_edge_voices_has_total_voices" time="0.108" /><testcase classname="backend.tests.test_edge_voices.TestEdgeVoicesAPI" name="test_edge_voices_has_total_languages" time="0.149" /><testcase classname="backend.tests.test_edge_voices.TestEdgeVoicesAPI" name="test_edge_voices_has_languages_array" time="0.101" /><testcase classname="backend.tests.test_edge_voices.TestEdgeVoicesAPI" name="test_khmer_is_first_language" time="0.104" /><testcase classname="backend.tests.test_edge_voices.TestEdgeVoicesAPI" name="test_khmer_has_piseth_voice" time="0.096" /><testcase classname="backend.tests.test_edge_voices.TestEdgeVoicesAPI" name="test_khmer_has_sreymom_voice" time="0.102" /><testcase classname="backend.tests.test_edge_voices.TestEdgeVoicesAPI" name="test_language_structure" time="0.139" /><testcase classname="backend.tests.test_edge_voices.TestEdgeVoicesAPI" name="test_voice_structure" time="0.115" /><testcase classname="backend.tests.test_edge_voices.TestEdgeTTSPreview" name="test_preview_english_voice" time="0.376" /><testcase classname="backend.tests.test_edge_voices.TestEdgeTTSPreview" name="test_preview_khmer_piseth_voice" time="0.393" /><testcase classname="backend.tests.test_edge_voices.TestEdgeTTSPreview" name="test_preview_khmer_sreymom_voice" time="0.405" /><testcase classname="backend.tests.test_edge_voices.TestEdgeTTSPreview" name="test_preview_japanese_voice" time="0.398" /><testcase classname="backend.tests.test_edge_voices.TestEdgeTTSPreview" name="test_preview_invalid_voice_returns_500" time="0.099" /><testcase classname="backend.tests.test_edge_voices.TestDefaultVoiceAssignment" name="test_login_works" time="0.324" /><testcase classname="backend.tests.test_edge_voices.TestDefaultVoiceAssignment" name="test_get_existing_project_voice_defaults" time="0.605" /><testcase classname="backend.tests.test_edge_voices.TestTTSToolEndpoint" name="test_tts_with_dara_voice" time="0.688" /><testcase classname="backend.tests.test_edge_voices.TestTTSToolEndpoint" name="test_tts_with_sophea_voice" time="0.753" /><testcase classname="backend.tests.test_edge_voices.TestTTSToolEndpoint" name="test_tts_with_full_edge_voice_name" time="0.714" /></testsuite></testsuites>