<?xml version="1.0" encoding="utf-8"?><testsuites name="pytest tests"><testsuite name="pytest" errors="0" failures="0" skipped="0" tests="9" time="10.884" timestamp="2026-04-02T11:03:54.605268+00:00" hostname="agent-env-457768ac-35c2-4834-9627-f129e5ccda3e"><testcase classname="backend.tests.test_mms_tts.TestMMSTTS" name="test_api_root" time="0.408" /><testcase classname="backend.tests.test_mms_tts.TestMMSTTS" name="test_login_success" time="0.665" /><testcase classname="backend.tests.test_mms_tts.TestMMSTTS" name="test_mms_project_exists" time="0.376" /><testcase classname="backend.tests.test_mms_tts.TestMMSTTS" name="test_mms_project_has_segments" time="0.381" /><testcase classname="backend.tests.test_mms_tts.TestMMSTTS" name="test_mms_project_has_mms_voice" time="0.387" /><testcase classname="backend.tests.test_mms_tts.TestMMSTTS" name="test_regenerate_segment_0_mms" time="5.868" /><testcase classname="backend.tests.test_mms_tts.TestMMSTTS" name="test_regenerate_segment_1_mms" time="1.970" /><testcase classname="backend.tests.test_mms_tts.TestMMSTTS" name="test_regenerate_invalid_segment" time="0.369" /><testcase classname="backend.tests.test_mms_tts.TestMMSTTS" name="test_regenerate_requires_auth" time="0.431" /></testsuite></testsuites>