<?xml version="1.0" encoding="utf-8"?><testsuites name="pytest tests"><testsuite name="pytest" errors="0" failures="0" skipped="0" tests="12" time="3.561" timestamp="2026-03-31T11:37:32.305388+00:00" hostname="agent-env-457768ac-35c2-4834-9627-f129e5ccda3e"><testcase classname="backend.tests.test_multi_language.TestLanguagesEndpoint" name="test_languages_endpoint_returns_200" time="0.296" /><testcase classname="backend.tests.test_multi_language.TestLanguagesEndpoint" name="test_languages_returns_list" time="0.105" /><testcase classname="backend.tests.test_multi_language.TestLanguagesEndpoint" name="test_languages_count_is_20" time="0.103" /><testcase classname="backend.tests.test_multi_language.TestLanguagesEndpoint" name="test_each_language_has_required_fields" time="0.133" /><testcase classname="backend.tests.test_multi_language.TestLanguagesEndpoint" name="test_all_expected_languages_present" time="0.103" /><testcase classname="backend.tests.test_multi_language.TestLanguagesEndpoint" name="test_voices_have_required_structure" time="0.096" /><testcase classname="backend.tests.test_multi_language.TestLanguagesEndpoint" name="test_each_language_has_at_least_one_voice" time="0.099" /><testcase classname="backend.tests.test_multi_language.TestTranslateSegmentsEndpoint" name="test_translate_segments_accepts_target_language_param" time="1.671" /><testcase classname="backend.tests.test_multi_language.TestTranslateSegmentsEndpoint" name="test_translate_segments_default_language_is_km" time="0.346" /><testcase classname="backend.tests.test_multi_language.TestAutoProcessEndpoint" name="test_auto_process_accepts_target_language_param" time="0.346" /><testcase classname="backend.tests.test_multi_language.TestAPIHealth" name="test_api_root_returns_200" time="0.097" /><testcase classname="backend.tests.test_multi_language.TestAPIHealth" name="test_languages_no_auth_required" time="0.093" /></testsuite></testsuites>