<?xml version="1.0" encoding="utf-8"?><testsuites name="pytest tests"><testsuite name="pytest" errors="0" failures="0" skipped="0" tests="19" time="5.013" timestamp="2026-03-31T08:34:37.612797+00:00" hostname="agent-env-457768ac-35c2-4834-9627-f129e5ccda3e"><testcase classname="backend.tests.test_round1_features.TestHealthCheck" name="test_api_root_returns_message" time="0.098" /><testcase classname="backend.tests.test_round1_features.TestSharedEndpointsPublic" name="test_shared_nonexistent_returns_404" time="0.103" /><testcase classname="backend.tests.test_round1_features.TestSharedEndpointsPublic" name="test_shared_video_nonexistent_returns_404" time="0.107" /><testcase classname="backend.tests.test_round1_features.TestSharedEndpointsPublic" name="test_shared_audio_nonexistent_returns_404" time="0.100" /><testcase classname="backend.tests.test_round1_features.TestSharedEndpointsPublic" name="test_shared_srt_nonexistent_returns_404" time="0.096" /><testcase classname="backend.tests.test_round1_features.TestProjectCreationWithNewFields" name="test_create_project_has_share_token_field" time="0.193" /><testcase classname="backend.tests.test_round1_features.TestProjectCreationWithNewFields" name="test_create_project_has_detected_language_field" time="0.214" /><testcase classname="backend.tests.test_round1_features.TestProjectListWithNewFields" name="test_list_projects_includes_new_fields" time="0.304" /><testcase classname="backend.tests.test_round1_features.TestDownloadSRT" name="test_download_srt_returns_400_when_no_segments" time="0.327" /><testcase classname="backend.tests.test_round1_features.TestDownloadSRT" name="test_download_srt_returns_srt_when_segments_exist" time="0.414" /><testcase classname="backend.tests.test_round1_features.TestDownloadMP3" name="test_download_mp3_returns_400_when_no_audio" time="0.300" /><testcase classname="backend.tests.test_round1_features.TestShareLinkEndpoints" name="test_create_share_link" time="0.445" /><testcase classname="backend.tests.test_round1_features.TestShareLinkEndpoints" name="test_create_share_link_idempotent" time="0.395" /><testcase classname="backend.tests.test_round1_features.TestShareLinkEndpoints" name="test_remove_share_link" time="0.606" /><testcase classname="backend.tests.test_round1_features.TestSharedProjectAccess" name="test_get_shared_project_returns_public_info" time="0.483" /><testcase classname="backend.tests.test_round1_features.TestSharedProjectAccess" name="test_shared_project_does_not_expose_sensitive_data" time="0.439" /><testcase classname="backend.tests.test_round1_features.TestProjectNotFound" name="test_download_srt_project_not_found" time="0.092" /><testcase classname="backend.tests.test_round1_features.TestProjectNotFound" name="test_download_mp3_project_not_found" time="0.123" /><testcase classname="backend.tests.test_round1_features.TestProjectNotFound" name="test_share_project_not_found" time="0.102" /></testsuite></testsuites>