<?xml version="1.0" encoding="utf-8"?><testsuites name="pytest tests"><testsuite name="pytest" errors="0" failures="0" skipped="0" tests="22" time="8.118" timestamp="2026-04-01T02:13:22.767036+00:00" hostname="agent-env-457768ac-35c2-4834-9627-f129e5ccda3e"><testcase classname="backend.tests.test_refactoring_iteration9.TestHealthAndAuth" name="test_api_root_returns_200" time="0.230" /><testcase classname="backend.tests.test_refactoring_iteration9.TestHealthAndAuth" name="test_auth_me_with_valid_token" time="0.150" /><testcase classname="backend.tests.test_refactoring_iteration9.TestHealthAndAuth" name="test_auth_me_without_token" time="0.175" /><testcase classname="backend.tests.test_refactoring_iteration9.TestProjectCRUD" name="test_create_project" time="0.130" /><testcase classname="backend.tests.test_refactoring_iteration9.TestProjectCRUD" name="test_list_projects" time="0.167" /><testcase classname="backend.tests.test_refactoring_iteration9.TestProjectCRUD" name="test_get_project_detail" time="0.334" /><testcase classname="backend.tests.test_refactoring_iteration9.TestProjectCRUD" name="test_update_project" time="0.373" /><testcase classname="backend.tests.test_refactoring_iteration9.TestProjectCRUD" name="test_delete_single_project" time="0.329" /><testcase classname="backend.tests.test_refactoring_iteration9.TestProjectCRUD" name="test_delete_all_projects" time="0.488" /><testcase classname="backend.tests.test_refactoring_iteration9.TestQueueStatus" name="test_queue_status_endpoint_exists" time="0.362" /><testcase classname="backend.tests.test_refactoring_iteration9.TestQueueStatus" name="test_queue_status_requires_auth" time="0.107" /><testcase classname="backend.tests.test_refactoring_iteration9.TestYouTubeVoice" name="test_youtube_voice_endpoint_exists" time="0.679" /><testcase classname="backend.tests.test_refactoring_iteration9.TestYouTubeVoice" name="test_youtube_voice_requires_auth" time="0.122" /><testcase classname="backend.tests.test_refactoring_iteration9.TestProjectDuplicate" name="test_duplicate_project" time="0.506" /><testcase classname="backend.tests.test_refactoring_iteration9.TestSegmentOperations" name="test_merge_segments_endpoint_exists" time="0.341" /><testcase classname="backend.tests.test_refactoring_iteration9.TestSegmentOperations" name="test_split_segment_endpoint_exists" time="0.413" /><testcase classname="backend.tests.test_refactoring_iteration9.TestShareFeature" name="test_create_share_link" time="0.373" /><testcase classname="backend.tests.test_refactoring_iteration9.TestShareFeature" name="test_delete_share_link" time="0.499" /><testcase classname="backend.tests.test_refactoring_iteration9.TestDownloadEndpoints" name="test_download_srt_endpoint_exists" time="0.326" /><testcase classname="backend.tests.test_refactoring_iteration9.TestDownloadEndpoints" name="test_download_mp3_endpoint_exists" time="0.323" /><testcase classname="backend.tests.test_refactoring_iteration9.TestTranslateEndpoint" name="test_translate_segments_accepts_target_language" time="1.492" /><testcase classname="backend.tests.test_refactoring_iteration9.TestCleanup" name="test_cleanup_test_projects" time="0.112" /></testsuite></testsuites>