<?xml version="1.0" encoding="utf-8"?><testsuites name="pytest tests"><testsuite name="pytest" errors="0" failures="0" skipped="1" tests="11" time="5.246" timestamp="2026-04-01T01:25:08.787266+00:00" hostname="agent-env-457768ac-35c2-4834-9627-f129e5ccda3e"><testcase classname="backend.tests.test_youtube_voice.TestProjectCRUD" name="test_create_project" time="0.257" /><testcase classname="backend.tests.test_youtube_voice.TestProjectCRUD" name="test_list_projects" time="0.161" /><testcase classname="backend.tests.test_youtube_voice.TestProjectCRUD" name="test_get_project_detail" time="0.382" /><testcase classname="backend.tests.test_youtube_voice.TestYouTubeVoiceExtraction" name="test_youtube_voice_endpoint_exists" time="0.881" /><testcase classname="backend.tests.test_youtube_voice.TestYouTubeVoiceExtraction" name="test_youtube_voice_requires_auth" time="0.130" /><testcase classname="backend.tests.test_youtube_voice.TestYouTubeVoiceExtraction" name="test_youtube_voice_invalid_url" time="0.807" /><testcase classname="backend.tests.test_youtube_voice.TestYouTubeVoiceExtraction" name="test_youtube_voice_project_not_found" time="0.157" /><testcase classname="backend.tests.test_youtube_voice.TestCustomVoiceUpload" name="test_upload_actor_voice_endpoint_exists" time="0.510" /><testcase classname="backend.tests.test_youtube_voice.TestCustomVoiceUpload" name="test_upload_actor_voice_requires_auth" time="0.106" /><testcase classname="backend.tests.test_youtube_voice.TestCustomVoiceUpload" name="test_upload_actor_voice_success" time="0.475" /><testcase classname="backend.tests.test_youtube_voice.TestActorVoiceIntegration" name="test_actor_custom_voice_persists" time="1.302"><skipped type="pytest.skip" message="No actors in project">/app/backend/tests/test_youtube_voice.py:260: No actors in project</skipped></testcase></testsuite></testsuites>