<?xml version="1.0" encoding="utf-8"?><testsuites name="pytest tests"><testsuite name="pytest" errors="0" failures="0" skipped="0" tests="20" time="5.489" timestamp="2026-03-31T05:18:22.892450+00:00" hostname="agent-env-457768ac-35c2-4834-9627-f129e5ccda3e"><testcase classname="backend.tests.test_actors_api.TestActorEndpoints" name="test_01_auth_me_works" time="0.162" /><testcase classname="backend.tests.test_actors_api.TestActorEndpoints" name="test_02_create_project" time="0.106" /><testcase classname="backend.tests.test_actors_api.TestActorEndpoints" name="test_03_patch_project_with_actors" time="0.104" /><testcase classname="backend.tests.test_actors_api.TestActorEndpoints" name="test_04_patch_project_with_segments" time="0.103" /><testcase classname="backend.tests.test_actors_api.TestActorEndpoints" name="test_05_upload_actor_voice_endpoint_exists" time="0.104" /><testcase classname="backend.tests.test_actors_api.TestActorEndpoints" name="test_06_verify_actor_voice_persisted" time="0.111" /><testcase classname="backend.tests.test_actors_api.TestActorEndpoints" name="test_07_verify_segments_updated_with_custom_audio" time="0.097" /><testcase classname="backend.tests.test_actors_api.TestActorEndpoints" name="test_08_get_project_returns_actors_array" time="0.095" /><testcase classname="backend.tests.test_actors_api.TestActorEndpoints" name="test_09_cleanup_test_project" time="0.098" /><testcase classname="backend.tests.test_actors_api.TestTranscribeSegmentsActors" name="test_transcribe_segments_without_file_returns_error" time="0.315" /><testcase classname="backend.tests.test_actors_api.TestProjectUpdateModel" name="test_project_update_accepts_all_fields" time="0.310" /><testcase classname="backend.tests.test_iteration3_features.TestHealthAndBasicEndpoints" name="test_api_health_check" time="0.101" /><testcase classname="backend.tests.test_iteration3_features.TestHealthAndBasicEndpoints" name="test_create_project_returns_actors_array" time="0.225" /><testcase classname="backend.tests.test_iteration3_features.TestUploadActorVoiceWithForm" name="test_upload_actor_voice_with_form_parameter" time="0.420" /><testcase classname="backend.tests.test_iteration3_features.TestPatchProjectWithActors" name="test_patch_accepts_actors_field" time="0.299" /><testcase classname="backend.tests.test_iteration3_features.TestGenerateVideoWithBurnSubtitles" name="test_generate_video_accepts_burn_subtitles_param" time="0.323" /><testcase classname="backend.tests.test_iteration3_features.TestGenerateVideoWithBurnSubtitles" name="test_generate_video_burn_subtitles_false" time="0.299" /><testcase classname="backend.tests.test_iteration3_features.TestTranscribeSegmentsActorLabels" name="test_transcribe_segments_returns_error_without_file" time="0.324" /><testcase classname="backend.tests.test_iteration3_features.TestTranscribeSegmentsActorLabels" name="test_actors_have_label_field_structure" time="0.418" /><testcase classname="backend.tests.test_iteration3_features.TestProjectCRUDComplete" name="test_full_project_lifecycle" time="1.397" /></testsuite></testsuites>