<?xml version="1.0" encoding="utf-8"?><testsuites name="pytest tests"><testsuite name="pytest" errors="0" failures="0" skipped="0" tests="11" time="1.737" timestamp="2026-03-31T05:03:32.505620+00:00" hostname="agent-env-457768ac-35c2-4834-9627-f129e5ccda3e"><testcase classname="backend.tests.test_actors_api.TestActorEndpoints" name="test_01_auth_me_works" time="0.176" /><testcase classname="backend.tests.test_actors_api.TestActorEndpoints" name="test_02_create_project" time="0.112" /><testcase classname="backend.tests.test_actors_api.TestActorEndpoints" name="test_03_patch_project_with_actors" time="0.106" /><testcase classname="backend.tests.test_actors_api.TestActorEndpoints" name="test_04_patch_project_with_segments" time="0.110" /><testcase classname="backend.tests.test_actors_api.TestActorEndpoints" name="test_05_upload_actor_voice_endpoint_exists" time="0.114" /><testcase classname="backend.tests.test_actors_api.TestActorEndpoints" name="test_06_verify_actor_voice_persisted" time="0.109" /><testcase classname="backend.tests.test_actors_api.TestActorEndpoints" name="test_07_verify_segments_updated_with_custom_audio" time="0.118" /><testcase classname="backend.tests.test_actors_api.TestActorEndpoints" name="test_08_get_project_returns_actors_array" time="0.105" /><testcase classname="backend.tests.test_actors_api.TestActorEndpoints" name="test_09_cleanup_test_project" time="0.102" /><testcase classname="backend.tests.test_actors_api.TestTranscribeSegmentsActors" name="test_transcribe_segments_without_file_returns_error" time="0.305" /><testcase classname="backend.tests.test_actors_api.TestProjectUpdateModel" name="test_project_update_accepts_all_fields" time="0.309" /></testsuite></testsuites>