<?xml version="1.0" encoding="utf-8"?><testsuites name="pytest tests"><testsuite name="pytest" errors="0" failures="0" skipped="0" tests="10" time="14.763" timestamp="2026-04-02T09:47:55.441784+00:00" hostname="agent-env-457768ac-35c2-4834-9627-f129e5ccda3e"><testcase classname="backend.tests.test_demucs_vocal_removal.TestAuth" name="test_login_success" time="0.325" /><testcase classname="backend.tests.test_demucs_vocal_removal.TestExtractBackgroundAudio" name="test_project_exists" time="0.431" /><testcase classname="backend.tests.test_demucs_vocal_removal.TestExtractBackgroundAudio" name="test_extract_background_endpoint_returns_200" time="6.704" /><testcase classname="backend.tests.test_demucs_vocal_removal.TestExtractBackgroundAudio" name="test_extract_background_returns_wav_audio" time="5.697" /><testcase classname="backend.tests.test_demucs_vocal_removal.TestExtractBackgroundAudio" name="test_extract_background_requires_auth" time="0.117" /><testcase classname="backend.tests.test_demucs_vocal_removal.TestExtractBackgroundAudio" name="test_extract_background_invalid_project" time="0.422" /><testcase classname="backend.tests.test_demucs_vocal_removal.TestDownloadButtons" name="test_download_srt_endpoint" time="0.422" /><testcase classname="backend.tests.test_demucs_vocal_removal.TestDownloadButtons" name="test_download_mp3_endpoint" time="0.422" /><testcase classname="backend.tests.test_demucs_vocal_removal.TestAPIHealth" name="test_api_root" time="0.101" /><testcase classname="backend.tests.test_demucs_vocal_removal.TestAPIHealth" name="test_projects_list_requires_auth" time="0.096" /></testsuite></testsuites>